<?xml version="1.0" encoding="UTF-8"?>
<!-- Generated by org.testng.reporters.JUnitReportReporter -->
<testsuite skipped="0" hostname="DESKTOP-GORB4NR" name="tests.ExplicitWait" tests="1" failures="0" timestamp="22 Mar 2020 12:41:05 GMT" time="18.951" errors="0">
  <testcase name="TestWai" time="18.951" classname="tests.ExplicitWait"/>
</testsuite> <!-- tests.ExplicitWait -->
